app/build/intermediates/manifest_merge_blame_file/debug/manifest-merger-blame-debug-report.txt
1<?xml version="1.0" encoding="utf-8"?>
2<manifest xmlns:android="http://schemas.android.com/apk/res/android"
3    package="com.mik.recyloc"
4    android:versionCode="1"
5    android:versionName="1.0" >
6
7    <uses-sdk
8        android:minSdkVersion="24"
8-->src/main/AndroidManifest.xml
9        android:targetSdkVersion="32" />
9-->src/main/AndroidManifest.xml
10
11    <uses-feature android:name="android.hardware.location.gps" />
11-->src/main/AndroidManifest.xml:5:5-66
11-->src/main/AndroidManifest.xml:5:19-63
12
13    <uses-permission android:name="android.permission.ACCESS_WIFI_STATE" />
13-->src/main/AndroidManifest.xml:7:5-76
13-->src/main/AndroidManifest.xml:7:22-73
14    <uses-permission android:name="android.permission.ACCESS_NETWORK_STATE" />
14-->src/main/AndroidManifest.xml:8:5-79
14-->src/main/AndroidManifest.xml:8:22-76
15    <uses-permission android:name="android.permission.INTERNET" />
15-->src/main/AndroidManifest.xml:9:5-67
15-->src/main/AndroidManifest.xml:9:22-64
16    <uses-permission android:name="android.permission.ACCESS_COARSE_LOCATION" />
16-->src/main/AndroidManifest.xml:10:5-81
16-->src/main/AndroidManifest.xml:10:22-78
17    <uses-permission android:name="android.permission.ACCESS_FINE_LOCATION" />
17-->src/main/AndroidManifest.xml:11:5-79
17-->src/main/AndroidManifest.xml:11:22-76
18
19    <uses-feature
19-->[com.google.android.gms:play-services-maps:18.0.2] AndroidManifest.xml:26:5-28:35
20        android:glEsVersion="0x00020000"
20-->[com.google.android.gms:play-services-maps:18.0.2] AndroidManifest.xml:27:9-41
21        android:required="true" />
21-->[com.google.android.gms:play-services-maps:18.0.2] AndroidManifest.xml:28:9-32
22
23    <queries>
23-->[com.google.android.gms:play-services-maps:18.0.2] AndroidManifest.xml:30:5-34:15
24
25        <!-- Needs to be explicitly declared on Android R+ -->
26        <package android:name="com.google.android.apps.maps" />
26-->[com.google.android.gms:play-services-maps:18.0.2] AndroidManifest.xml:33:9-64
26-->[com.google.android.gms:play-services-maps:18.0.2] AndroidManifest.xml:33:18-61
27    </queries>
28
29    <uses-permission android:name="android.permission.WAKE_LOCK" />
29-->[com.google.android.gms:play-services-measurement-api:20.1.1] AndroidManifest.xml:24:5-68
29-->[com.google.android.gms:play-services-measurement-api:20.1.1] AndroidManifest.xml:24:22-65
30    <uses-permission android:name="com.google.android.gms.permission.AD_ID" />
30-->[com.google.android.gms:play-services-measurement-api:20.1.1] AndroidManifest.xml:25:5-79
30-->[com.google.android.gms:play-services-measurement-api:20.1.1] AndroidManifest.xml:25:22-76
31    <uses-permission android:name="com.google.android.finsky.permission.BIND_GET_INSTALL_REFERRER_SERVICE" />
31-->[com.google.android.gms:play-services-measurement:20.1.1] AndroidManifest.xml:26:5-110
31-->[com.google.android.gms:play-services-measurement:20.1.1] AndroidManifest.xml:26:22-107
32
33    <application
33-->src/main/AndroidManifest.xml:13:5-43:19
34        android:allowBackup="true"
34-->src/main/AndroidManifest.xml:14:9-35
35        android:appComponentFactory="androidx.core.app.CoreComponentFactory"
35-->[androidx.core:core:1.7.0] AndroidManifest.xml:24:18-86
36        android:debuggable="true"
37        android:extractNativeLibs="false"
38        android:icon="@mipmap/ic_launcher"
38-->src/main/AndroidManifest.xml:15:9-43
39        android:label="@string/app_name"
39-->src/main/AndroidManifest.xml:16:9-41
40        android:roundIcon="@mipmap/ic_launcher_round"
40-->src/main/AndroidManifest.xml:17:9-54
41        android:supportsRtl="true"
41-->src/main/AndroidManifest.xml:18:9-35
42        android:theme="@style/Theme.RecyLoc" >
42-->src/main/AndroidManifest.xml:19:9-45
43        <meta-data
43-->src/main/AndroidManifest.xml:21:9-23:71
44            android:name="com.google.android.maps.v2.API_KEY"
44-->src/main/AndroidManifest.xml:22:13-62
45            android:value="AIzaSyDOkr4eoOQqFo9BwE7tYL_25wK-qWH2n54" />
45-->src/main/AndroidManifest.xml:23:13-68
46
47        <activity
47-->src/main/AndroidManifest.xml:25:9-33:20
48            android:name="com.mik.recyloc.LoginActivity"
48-->src/main/AndroidManifest.xml:26:13-42
49            android:exported="true" >
49-->src/main/AndroidManifest.xml:27:13-36
50            <intent-filter>
50-->src/main/AndroidManifest.xml:28:13-32:29
51                <action android:name="android.intent.action.MAIN" />
51-->src/main/AndroidManifest.xml:29:17-69
51-->src/main/AndroidManifest.xml:29:25-66
52
53                <category android:name="android.intent.category.LAUNCHER" />
53-->src/main/AndroidManifest.xml:31:17-77
53-->src/main/AndroidManifest.xml:31:27-74
54            </intent-filter>
55        </activity>
56        <activity
56-->src/main/AndroidManifest.xml:34:9-36:39
57            android:name="com.mik.recyloc.MainActivity"
57-->src/main/AndroidManifest.xml:35:13-41
58            android:exported="true" />
58-->src/main/AndroidManifest.xml:36:13-36
59        <activity
59-->src/main/AndroidManifest.xml:37:9-39:39
60            android:name="com.mik.recyloc.RegistrationActivity"
60-->src/main/AndroidManifest.xml:38:13-49
61            android:exported="true" />
61-->src/main/AndroidManifest.xml:39:13-36
62        <activity
62-->src/main/AndroidManifest.xml:40:9-42:39
63            android:name="com.mik.recyloc.ResetPasswordActivity"
63-->src/main/AndroidManifest.xml:41:13-50
64            android:exported="true" />
64-->src/main/AndroidManifest.xml:42:13-36
65
66        <meta-data
66-->[com.firebaseui:firebase-ui-auth:7.2.0] AndroidManifest.xml:16:9-18:69
67            android:name="com.google.android.gms.version"
67-->[com.firebaseui:firebase-ui-auth:7.2.0] AndroidManifest.xml:17:13-58
68            android:value="@integer/google_play_services_version" />
68-->[com.firebaseui:firebase-ui-auth:7.2.0] AndroidManifest.xml:18:13-66
69        <meta-data
69-->[com.firebaseui:firebase-ui-auth:7.2.0] AndroidManifest.xml:19:9-21:63
70            android:name="com.facebook.sdk.ApplicationId"
70-->[com.firebaseui:firebase-ui-auth:7.2.0] AndroidManifest.xml:20:13-58
71            android:value="@string/facebook_application_id" />
71-->[com.firebaseui:firebase-ui-auth:7.2.0] AndroidManifest.xml:21:13-60
72
73        <activity
73-->[com.firebaseui:firebase-ui-auth:7.2.0] AndroidManifest.xml:23:9-27:61
74            android:name="com.firebase.ui.auth.KickoffActivity"
74-->[com.firebaseui:firebase-ui-auth:7.2.0] AndroidManifest.xml:24:13-64
75            android:exported="false"
75-->[com.firebaseui:firebase-ui-auth:7.2.0] AndroidManifest.xml:25:13-37
76            android:label=""
76-->[com.firebaseui:firebase-ui-auth:7.2.0] AndroidManifest.xml:26:13-29
77            android:theme="@style/FirebaseUI.Transparent" />
77-->[com.firebaseui:firebase-ui-auth:7.2.0] AndroidManifest.xml:27:13-58
78        <activity
78-->[com.firebaseui:firebase-ui-auth:7.2.0] AndroidManifest.xml:28:9-32:61
79            android:name="com.firebase.ui.auth.ui.idp.SingleSignInActivity"
79-->[com.firebaseui:firebase-ui-auth:7.2.0] AndroidManifest.xml:29:13-76
80            android:exported="false"
80-->[com.firebaseui:firebase-ui-auth:7.2.0] AndroidManifest.xml:30:13-37
81            android:label=""
81-->[com.firebaseui:firebase-ui-auth:7.2.0] AndroidManifest.xml:31:13-29
82            android:theme="@style/FirebaseUI.Transparent" />
82-->[com.firebaseui:firebase-ui-auth:7.2.0] AndroidManifest.xml:32:13-58
83        <activity
83-->[com.firebaseui:firebase-ui-auth:7.2.0] AndroidManifest.xml:33:9-37:61
84            android:name="com.firebase.ui.auth.ui.credentials.CredentialSaveActivity"
84-->[com.firebaseui:firebase-ui-auth:7.2.0] AndroidManifest.xml:34:13-86
85            android:exported="false"
85-->[com.firebaseui:firebase-ui-auth:7.2.0] AndroidManifest.xml:35:13-37
86            android:label=""
86-->[com.firebaseui:firebase-ui-auth:7.2.0] AndroidManifest.xml:36:13-29
87            android:theme="@style/FirebaseUI.Transparent" />
87-->[com.firebaseui:firebase-ui-auth:7.2.0] AndroidManifest.xml:37:13-58
88        <activity
88-->[com.firebaseui:firebase-ui-auth:7.2.0] AndroidManifest.xml:38:9-42:58
89            android:name="com.firebase.ui.auth.ui.email.RecoverPasswordActivity"
89-->[com.firebaseui:firebase-ui-auth:7.2.0] AndroidManifest.xml:39:13-81
90            android:exported="false"
90-->[com.firebaseui:firebase-ui-auth:7.2.0] AndroidManifest.xml:40:13-37
91            android:label="@string/fui_title_recover_password_activity"
91-->[com.firebaseui:firebase-ui-auth:7.2.0] AndroidManifest.xml:41:13-72
92            android:windowSoftInputMode="adjustResize" />
92-->[com.firebaseui:firebase-ui-auth:7.2.0] AndroidManifest.xml:42:13-55
93        <activity
93-->[com.firebaseui:firebase-ui-auth:7.2.0] AndroidManifest.xml:43:9-47:58
94            android:name="com.firebase.ui.auth.ui.email.EmailActivity"
94-->[com.firebaseui:firebase-ui-auth:7.2.0] AndroidManifest.xml:44:13-71
95            android:exported="false"
95-->[com.firebaseui:firebase-ui-auth:7.2.0] AndroidManifest.xml:45:13-37
96            android:label="@string/fui_sign_in_default"
96-->[com.firebaseui:firebase-ui-auth:7.2.0] AndroidManifest.xml:46:13-56
97            android:windowSoftInputMode="adjustResize" />
97-->[com.firebaseui:firebase-ui-auth:7.2.0] AndroidManifest.xml:47:13-55
98        <activity
98-->[com.firebaseui:firebase-ui-auth:7.2.0] AndroidManifest.xml:48:9-52:77
99            android:name="com.firebase.ui.auth.ui.phone.PhoneActivity"
99-->[com.firebaseui:firebase-ui-auth:7.2.0] AndroidManifest.xml:49:13-71
100            android:exported="false"
100-->[com.firebaseui:firebase-ui-auth:7.2.0] AndroidManifest.xml:50:13-37
101            android:label="@string/fui_sign_in_with_phone_number"
101-->[com.firebaseui:firebase-ui-auth:7.2.0] AndroidManifest.xml:51:13-66
102            android:windowSoftInputMode="adjustResize|stateAlwaysVisible" />
102-->[com.firebaseui:firebase-ui-auth:7.2.0] AndroidManifest.xml:52:13-74
103        <activity
103-->[com.firebaseui:firebase-ui-auth:7.2.0] AndroidManifest.xml:53:9-57:58
104            android:name="com.firebase.ui.auth.ui.idp.WelcomeBackIdpPrompt"
104-->[com.firebaseui:firebase-ui-auth:7.2.0] AndroidManifest.xml:54:13-76
105            android:exported="false"
105-->[com.firebaseui:firebase-ui-auth:7.2.0] AndroidManifest.xml:55:13-37
106            android:label="@string/fui_title_welcome_back_idp_prompt"
106-->[com.firebaseui:firebase-ui-auth:7.2.0] AndroidManifest.xml:56:13-70
107            android:windowSoftInputMode="adjustResize" />
107-->[com.firebaseui:firebase-ui-auth:7.2.0] AndroidManifest.xml:57:13-55
108        <activity
108-->[com.firebaseui:firebase-ui-auth:7.2.0] AndroidManifest.xml:58:9-62:58
109            android:name="com.firebase.ui.auth.ui.email.WelcomeBackPasswordPrompt"
109-->[com.firebaseui:firebase-ui-auth:7.2.0] AndroidManifest.xml:59:13-83
110            android:exported="false"
110-->[com.firebaseui:firebase-ui-auth:7.2.0] AndroidManifest.xml:60:13-37
111            android:label="@string/fui_title_welcome_back_password_prompt"
111-->[com.firebaseui:firebase-ui-auth:7.2.0] AndroidManifest.xml:61:13-75
112            android:windowSoftInputMode="adjustResize" />
112-->[com.firebaseui:firebase-ui-auth:7.2.0] AndroidManifest.xml:62:13-55
113        <activity
113-->[com.firebaseui:firebase-ui-auth:7.2.0] AndroidManifest.xml:63:9-67:58
114            android:name="com.firebase.ui.auth.ui.email.WelcomeBackEmailLinkPrompt"
114-->[com.firebaseui:firebase-ui-auth:7.2.0] AndroidManifest.xml:64:13-84
115            android:exported="false"
115-->[com.firebaseui:firebase-ui-auth:7.2.0] AndroidManifest.xml:65:13-37
116            android:label="@string/fui_title_welcome_back_password_prompt"
116-->[com.firebaseui:firebase-ui-auth:7.2.0] AndroidManifest.xml:66:13-75
117            android:windowSoftInputMode="adjustResize" />
117-->[com.firebaseui:firebase-ui-auth:7.2.0] AndroidManifest.xml:67:13-55
118        <activity
118-->[com.firebaseui:firebase-ui-auth:7.2.0] AndroidManifest.xml:68:9-73:58
119            android:name="com.firebase.ui.auth.ui.email.EmailLinkCatcherActivity"
119-->[com.firebaseui:firebase-ui-auth:7.2.0] AndroidManifest.xml:69:13-82
120            android:exported="false"
120-->[com.firebaseui:firebase-ui-auth:7.2.0] AndroidManifest.xml:70:13-37
121            android:label=""
121-->[com.firebaseui:firebase-ui-auth:7.2.0] AndroidManifest.xml:71:13-29
122            android:theme="@style/FirebaseUI.Transparent"
122-->[com.firebaseui:firebase-ui-auth:7.2.0] AndroidManifest.xml:72:13-58
123            android:windowSoftInputMode="adjustResize" />
123-->[com.firebaseui:firebase-ui-auth:7.2.0] AndroidManifest.xml:73:13-55
124        <activity
124-->[com.firebaseui:firebase-ui-auth:7.2.0] AndroidManifest.xml:74:9-78:58
125            android:name="com.firebase.ui.auth.ui.email.EmailLinkErrorRecoveryActivity"
125-->[com.firebaseui:firebase-ui-auth:7.2.0] AndroidManifest.xml:75:13-88
126            android:exported="false"
126-->[com.firebaseui:firebase-ui-auth:7.2.0] AndroidManifest.xml:76:13-37
127            android:label="@string/fui_sign_in_default"
127-->[com.firebaseui:firebase-ui-auth:7.2.0] AndroidManifest.xml:77:13-56
128            android:windowSoftInputMode="adjustResize" />
128-->[com.firebaseui:firebase-ui-auth:7.2.0] AndroidManifest.xml:78:13-55
129        <activity
129-->[com.firebaseui:firebase-ui-auth:7.2.0] AndroidManifest.xml:79:9-82:65
130            android:name="com.firebase.ui.auth.ui.idp.AuthMethodPickerActivity"
130-->[com.firebaseui:firebase-ui-auth:7.2.0] AndroidManifest.xml:80:13-80
131            android:exported="false"
131-->[com.firebaseui:firebase-ui-auth:7.2.0] AndroidManifest.xml:81:13-37
132            android:label="@string/fui_default_toolbar_title" />
132-->[com.firebaseui:firebase-ui-auth:7.2.0] AndroidManifest.xml:82:13-62
133        <activity
133-->[com.firebaseui:firebase-ui-auth:7.2.0] AndroidManifest.xml:83:9-87:48
134            android:name="com.facebook.FacebookActivity"
134-->[com.firebaseui:firebase-ui-auth:7.2.0] AndroidManifest.xml:84:13-57
135            android:configChanges="keyboard|keyboardHidden|screenLayout|screenSize|orientation"
135-->[com.firebaseui:firebase-ui-auth:7.2.0] AndroidManifest.xml:85:13-96
136            android:label="@string/app_name" />
136-->[com.firebaseui:firebase-ui-auth:7.2.0] AndroidManifest.xml:86:13-45
137        <activity
137-->[com.firebaseui:firebase-ui-auth:7.2.0] AndroidManifest.xml:88:9-100:20
138            android:name="com.facebook.CustomTabActivity"
138-->[com.firebaseui:firebase-ui-auth:7.2.0] AndroidManifest.xml:89:13-58
139            android:exported="true" >
139-->[com.firebaseui:firebase-ui-auth:7.2.0] AndroidManifest.xml:90:13-36
140            <intent-filter>
140-->[com.firebaseui:firebase-ui-auth:7.2.0] AndroidManifest.xml:92:13-99:29
141                <action android:name="android.intent.action.VIEW" />
141-->[com.firebaseui:firebase-ui-auth:7.2.0] AndroidManifest.xml:93:17-69
141-->[com.firebaseui:firebase-ui-auth:7.2.0] AndroidManifest.xml:93:25-66
142
143                <category android:name="android.intent.category.DEFAULT" />
143-->[com.firebaseui:firebase-ui-auth:7.2.0] AndroidManifest.xml:95:17-76
143-->[com.firebaseui:firebase-ui-auth:7.2.0] AndroidManifest.xml:95:27-73
144                <category android:name="android.intent.category.BROWSABLE" />
144-->[com.firebaseui:firebase-ui-auth:7.2.0] AndroidManifest.xml:96:17-78
144-->[com.firebaseui:firebase-ui-auth:7.2.0] AndroidManifest.xml:96:27-75
145
146                <data android:scheme="@string/facebook_login_protocol_scheme" />
146-->[com.firebaseui:firebase-ui-auth:7.2.0] AndroidManifest.xml:98:17-81
146-->[com.firebaseui:firebase-ui-auth:7.2.0] AndroidManifest.xml:98:23-78
147            </intent-filter>
148        </activity>
149
150        <provider
150-->[com.firebaseui:firebase-ui-auth:7.2.0] AndroidManifest.xml:102:9-106:38
151            android:name="com.firebase.ui.auth.data.client.AuthUiInitProvider"
151-->[com.firebaseui:firebase-ui-auth:7.2.0] AndroidManifest.xml:103:13-79
152            android:authorities="com.mik.recyloc.authuiinitprovider"
152-->[com.firebaseui:firebase-ui-auth:7.2.0] AndroidManifest.xml:104:13-70
153            android:exported="false"
153-->[com.firebaseui:firebase-ui-auth:7.2.0] AndroidManifest.xml:105:13-37
154            android:initOrder="90" />
154-->[com.firebaseui:firebase-ui-auth:7.2.0] AndroidManifest.xml:106:13-35
155
156        <service
156-->[com.google.firebase:firebase-auth-ktx:21.0.1] AndroidManifest.xml:8:9-14:19
157            android:name="com.google.firebase.components.ComponentDiscoveryService"
157-->[com.google.firebase:firebase-auth-ktx:21.0.1] AndroidManifest.xml:9:13-84
158            android:directBootAware="true"
158-->[com.google.firebase:firebase-common:20.1.0] AndroidManifest.xml:35:13-43
159            android:exported="false" >
159-->[com.google.firebase:firebase-auth-ktx:21.0.1] AndroidManifest.xml:10:13-37
160            <meta-data
160-->[com.google.firebase:firebase-auth-ktx:21.0.1] AndroidManifest.xml:11:13-13:85
161                android:name="com.google.firebase.components:com.google.firebase.auth.ktx.FirebaseAuthKtxRegistrar"
161-->[com.google.firebase:firebase-auth-ktx:21.0.1] AndroidManifest.xml:12:17-116
162                android:value="com.google.firebase.components.ComponentRegistrar" />
162-->[com.google.firebase:firebase-auth-ktx:21.0.1] AndroidManifest.xml:13:17-82
163            <meta-data
163-->[com.google.firebase:firebase-auth:21.0.2] AndroidManifest.xml:67:13-69:85
164                android:name="com.google.firebase.components:com.google.firebase.auth.FirebaseAuthRegistrar"
164-->[com.google.firebase:firebase-auth:21.0.2] AndroidManifest.xml:68:17-109
165                android:value="com.google.firebase.components.ComponentRegistrar" />
165-->[com.google.firebase:firebase-auth:21.0.2] AndroidManifest.xml:69:17-82
166            <meta-data
166-->[com.google.firebase:firebase-firestore-ktx:24.0.1] AndroidManifest.xml:15:13-17:85
167                android:name="com.google.firebase.components:com.google.firebase.firestore.ktx.FirebaseFirestoreKtxRegistrar"
167-->[com.google.firebase:firebase-firestore-ktx:24.0.1] AndroidManifest.xml:16:17-126
168                android:value="com.google.firebase.components.ComponentRegistrar" />
168-->[com.google.firebase:firebase-firestore-ktx:24.0.1] AndroidManifest.xml:17:17-82
169            <meta-data
169-->[com.google.firebase:firebase-firestore:24.0.1] AndroidManifest.xml:20:13-22:85
170                android:name="com.google.firebase.components:com.google.firebase.firestore.FirestoreRegistrar"
170-->[com.google.firebase:firebase-firestore:24.0.1] AndroidManifest.xml:21:17-111
171                android:value="com.google.firebase.components.ComponentRegistrar" />
171-->[com.google.firebase:firebase-firestore:24.0.1] AndroidManifest.xml:22:17-82
172            <meta-data
172-->[com.google.firebase:firebase-analytics-ktx:20.1.0] AndroidManifest.xml:11:13-13:85
173                android:name="com.google.firebase.components:com.google.firebase.analytics.ktx.FirebaseAnalyticsKtxRegistrar"
173-->[com.google.firebase:firebase-analytics-ktx:20.1.0] AndroidManifest.xml:12:17-126
174                android:value="com.google.firebase.components.ComponentRegistrar" />
174-->[com.google.firebase:firebase-analytics-ktx:20.1.0] AndroidManifest.xml:13:17-82
175            <meta-data
175-->[com.google.firebase:firebase-common-ktx:20.0.0] AndroidManifest.xml:15:13-17:85
176                android:name="com.google.firebase.components:com.google.firebase.ktx.FirebaseCommonKtxRegistrar"
176-->[com.google.firebase:firebase-common-ktx:20.0.0] AndroidManifest.xml:16:17-113
177                android:value="com.google.firebase.components.ComponentRegistrar" />
177-->[com.google.firebase:firebase-common-ktx:20.0.0] AndroidManifest.xml:17:17-82
178            <meta-data
178-->[com.google.android.gms:play-services-measurement-api:20.1.1] AndroidManifest.xml:31:13-33:85
179                android:name="com.google.firebase.components:com.google.firebase.analytics.connector.internal.AnalyticsConnectorRegistrar"
179-->[com.google.android.gms:play-services-measurement-api:20.1.1] AndroidManifest.xml:32:17-139
180                android:value="com.google.firebase.components.ComponentRegistrar" />
180-->[com.google.android.gms:play-services-measurement-api:20.1.1] AndroidManifest.xml:33:17-82
181            <meta-data
181-->[com.google.firebase:firebase-installations:17.0.0] AndroidManifest.xml:18:13-20:85
182                android:name="com.google.firebase.components:com.google.firebase.installations.FirebaseInstallationsRegistrar"
182-->[com.google.firebase:firebase-installations:17.0.0] AndroidManifest.xml:19:17-127
183                android:value="com.google.firebase.components.ComponentRegistrar" />
183-->[com.google.firebase:firebase-installations:17.0.0] AndroidManifest.xml:20:17-82
184        </service>
185
186        <activity
186-->[com.google.firebase:firebase-auth:21.0.2] AndroidManifest.xml:27:9-44:20
187            android:name="com.google.firebase.auth.internal.GenericIdpActivity"
187-->[com.google.firebase:firebase-auth:21.0.2] AndroidManifest.xml:28:13-80
188            android:excludeFromRecents="true"
188-->[com.google.firebase:firebase-auth:21.0.2] AndroidManifest.xml:29:13-46
189            android:exported="true"
189-->[com.google.firebase:firebase-auth:21.0.2] AndroidManifest.xml:30:13-36
190            android:launchMode="singleTask"
190-->[com.google.firebase:firebase-auth:21.0.2] AndroidManifest.xml:31:13-44
191            android:theme="@android:style/Theme.Translucent.NoTitleBar" >
191-->[com.google.firebase:firebase-auth:21.0.2] AndroidManifest.xml:32:13-72
192            <intent-filter>
192-->[com.google.firebase:firebase-auth:21.0.2] AndroidManifest.xml:33:13-43:29
193                <action android:name="android.intent.action.VIEW" />
193-->[com.firebaseui:firebase-ui-auth:7.2.0] AndroidManifest.xml:93:17-69
193-->[com.firebaseui:firebase-ui-auth:7.2.0] AndroidManifest.xml:93:25-66
194
195                <category android:name="android.intent.category.DEFAULT" />
195-->[com.firebaseui:firebase-ui-auth:7.2.0] AndroidManifest.xml:95:17-76
195-->[com.firebaseui:firebase-ui-auth:7.2.0] AndroidManifest.xml:95:27-73
196                <category android:name="android.intent.category.BROWSABLE" />
196-->[com.firebaseui:firebase-ui-auth:7.2.0] AndroidManifest.xml:96:17-78
196-->[com.firebaseui:firebase-ui-auth:7.2.0] AndroidManifest.xml:96:27-75
197
198                <data
198-->[com.firebaseui:firebase-ui-auth:7.2.0] AndroidManifest.xml:98:17-81
199                    android:host="firebase.auth"
200                    android:path="/"
201                    android:scheme="genericidp" />
201-->[com.firebaseui:firebase-ui-auth:7.2.0] AndroidManifest.xml:98:23-78
202            </intent-filter>
203        </activity>
204        <activity
204-->[com.google.firebase:firebase-auth:21.0.2] AndroidManifest.xml:45:9-62:20
205            android:name="com.google.firebase.auth.internal.RecaptchaActivity"
205-->[com.google.firebase:firebase-auth:21.0.2] AndroidManifest.xml:46:13-79
206            android:excludeFromRecents="true"
206-->[com.google.firebase:firebase-auth:21.0.2] AndroidManifest.xml:47:13-46
207            android:exported="true"
207-->[com.google.firebase:firebase-auth:21.0.2] AndroidManifest.xml:48:13-36
208            android:launchMode="singleTask"
208-->[com.google.firebase:firebase-auth:21.0.2] AndroidManifest.xml:49:13-44
209            android:theme="@android:style/Theme.Translucent.NoTitleBar" >
209-->[com.google.firebase:firebase-auth:21.0.2] AndroidManifest.xml:50:13-72
210            <intent-filter>
210-->[com.google.firebase:firebase-auth:21.0.2] AndroidManifest.xml:51:13-61:29
211                <action android:name="android.intent.action.VIEW" />
211-->[com.firebaseui:firebase-ui-auth:7.2.0] AndroidManifest.xml:93:17-69
211-->[com.firebaseui:firebase-ui-auth:7.2.0] AndroidManifest.xml:93:25-66
212
213                <category android:name="android.intent.category.DEFAULT" />
213-->[com.firebaseui:firebase-ui-auth:7.2.0] AndroidManifest.xml:95:17-76
213-->[com.firebaseui:firebase-ui-auth:7.2.0] AndroidManifest.xml:95:27-73
214                <category android:name="android.intent.category.BROWSABLE" />
214-->[com.firebaseui:firebase-ui-auth:7.2.0] AndroidManifest.xml:96:17-78
214-->[com.firebaseui:firebase-ui-auth:7.2.0] AndroidManifest.xml:96:27-75
215
216                <data
216-->[com.firebaseui:firebase-ui-auth:7.2.0] AndroidManifest.xml:98:17-81
217                    android:host="firebase.auth"
218                    android:path="/"
219                    android:scheme="recaptcha" />
219-->[com.firebaseui:firebase-ui-auth:7.2.0] AndroidManifest.xml:98:23-78
220            </intent-filter>
221        </activity>
222
223        <uses-library
223-->[androidx.window:window:1.0.0] AndroidManifest.xml:25:9-27:40
224            android:name="androidx.window.extensions"
224-->[androidx.window:window:1.0.0] AndroidManifest.xml:26:13-54
225            android:required="false" />
225-->[androidx.window:window:1.0.0] AndroidManifest.xml:27:13-37
226        <uses-library
226-->[androidx.window:window:1.0.0] AndroidManifest.xml:28:9-30:40
227            android:name="androidx.window.sidecar"
227-->[androidx.window:window:1.0.0] AndroidManifest.xml:29:13-51
228            android:required="false" /> <!-- Needs to be explicitly declared on P+ -->
228-->[androidx.window:window:1.0.0] AndroidManifest.xml:30:13-37
229        <uses-library
229-->[com.google.android.gms:play-services-maps:18.0.2] AndroidManifest.xml:39:9-41:40
230            android:name="org.apache.http.legacy"
230-->[com.google.android.gms:play-services-maps:18.0.2] AndroidManifest.xml:40:13-50
231            android:required="false" />
231-->[com.google.android.gms:play-services-maps:18.0.2] AndroidManifest.xml:41:13-37
232
233        <activity
233-->[com.google.android.gms:play-services-auth:19.0.0] AndroidManifest.xml:23:9-27:75
234            android:name="com.google.android.gms.auth.api.signin.internal.SignInHubActivity"
234-->[com.google.android.gms:play-services-auth:19.0.0] AndroidManifest.xml:24:13-93
235            android:excludeFromRecents="true"
235-->[com.google.android.gms:play-services-auth:19.0.0] AndroidManifest.xml:25:13-46
236            android:exported="false"
236-->[com.google.android.gms:play-services-auth:19.0.0] AndroidManifest.xml:26:13-37
237            android:theme="@android:style/Theme.Translucent.NoTitleBar" />
237-->[com.google.android.gms:play-services-auth:19.0.0] AndroidManifest.xml:27:13-72
238        <!--
239            Service handling Google Sign-In user revocation. For apps that do not integrate with
240            Google Sign-In, this service will never be started.
241        -->
242        <service
242-->[com.google.android.gms:play-services-auth:19.0.0] AndroidManifest.xml:33:9-37:51
243            android:name="com.google.android.gms.auth.api.signin.RevocationBoundService"
243-->[com.google.android.gms:play-services-auth:19.0.0] AndroidManifest.xml:34:13-89
244            android:exported="true"
244-->[com.google.android.gms:play-services-auth:19.0.0] AndroidManifest.xml:35:13-36
245            android:permission="com.google.android.gms.auth.api.signin.permission.REVOCATION_NOTIFICATION"
245-->[com.google.android.gms:play-services-auth:19.0.0] AndroidManifest.xml:36:13-107
246            android:visibleToInstantApps="true" />
246-->[com.google.android.gms:play-services-auth:19.0.0] AndroidManifest.xml:37:13-48
247
248        <activity
248-->[com.google.android.gms:play-services-base:18.0.1] AndroidManifest.xml:20:9-22:45
249            android:name="com.google.android.gms.common.api.GoogleApiActivity"
249-->[com.google.android.gms:play-services-base:18.0.1] AndroidManifest.xml:20:19-85
250            android:exported="false"
250-->[com.google.android.gms:play-services-base:18.0.1] AndroidManifest.xml:22:19-43
251            android:theme="@android:style/Theme.Translucent.NoTitleBar" />
251-->[com.google.android.gms:play-services-base:18.0.1] AndroidManifest.xml:21:19-78
252
253        <provider
253-->[com.google.firebase:firebase-common:20.1.0] AndroidManifest.xml:26:9-31:39
254            android:name="com.google.firebase.provider.FirebaseInitProvider"
254-->[com.google.firebase:firebase-common:20.1.0] AndroidManifest.xml:27:13-77
255            android:authorities="com.mik.recyloc.firebaseinitprovider"
255-->[com.google.firebase:firebase-common:20.1.0] AndroidManifest.xml:28:13-72
256            android:directBootAware="true"
256-->[com.google.firebase:firebase-common:20.1.0] AndroidManifest.xml:29:13-43
257            android:exported="false"
257-->[com.google.firebase:firebase-common:20.1.0] AndroidManifest.xml:30:13-37
258            android:initOrder="100" />
258-->[com.google.firebase:firebase-common:20.1.0] AndroidManifest.xml:31:13-36
259
260        <receiver
260-->[com.google.android.gms:play-services-measurement:20.1.1] AndroidManifest.xml:29:9-33:20
261            android:name="com.google.android.gms.measurement.AppMeasurementReceiver"
261-->[com.google.android.gms:play-services-measurement:20.1.1] AndroidManifest.xml:30:13-85
262            android:enabled="true"
262-->[com.google.android.gms:play-services-measurement:20.1.1] AndroidManifest.xml:31:13-35
263            android:exported="false" >
263-->[com.google.android.gms:play-services-measurement:20.1.1] AndroidManifest.xml:32:13-37
264        </receiver>
265
266        <service
266-->[com.google.android.gms:play-services-measurement:20.1.1] AndroidManifest.xml:35:9-38:40
267            android:name="com.google.android.gms.measurement.AppMeasurementService"
267-->[com.google.android.gms:play-services-measurement:20.1.1] AndroidManifest.xml:36:13-84